<?xml version="1.0" encoding="UTF-8"?>
<!-- Generated by org.testng.reporters.JUnitReportReporter -->
<testsuite skipped="0" hostname="Yemi-PC" name="com.qa.tests.DemoTest" tests="3" failures="0" timestamp="10 Jul 2021 04:04:12 GMT" time="0.067" errors="0">
  <testcase name="div" time="0.062" classname="com.qa.tests.DemoTest"/>
  <testcase name="sum" time="0.002" classname="com.qa.tests.DemoTest"/>
  <testcase name="sub" time="0.003" classname="com.qa.tests.DemoTest"/>
</testsuite> <!-- com.qa.tests.DemoTest -->
