<?xml version="1.0" encoding="UTF-8"?>
<!-- Generated by org.testng.reporters.JUnitReportReporter -->
<testsuite skipped="0" hostname="Yemi-PC" name="com.qa.tests.DemoTest" tests="3" failures="0" timestamp="10 Jul 2021 15:23:20 GMT" time="0.016" errors="0">
  <testcase name="sum" time="0.000" classname="com.qa.tests.DemoTest"/>
  <testcase name="sub" time="0.000" classname="com.qa.tests.DemoTest"/>
  <testcase name="div" time="0.016" classname="com.qa.tests.DemoTest"/>
</testsuite> <!-- com.qa.tests.DemoTest -->
